# JRE version: OpenJDK Runtime Environment (8.0) (build 1.8.0-25-microsoft-b00)
# Java VM: OpenJDK 64-Bit Server VM (25.71-b00 mixed mode windows-amd64 compressed oops)
Heap:
 PSYoungGen      total 13824K, used 3096K [0x00000000d6400000, 0x00000000d7500000, 0x0000000100000000)
  eden space 11776K, 26% used [0x00000000d6400000,0x00000000d6706048,0x00000000d6f80000)
  from space 2048K, 0% used [0x00000000d7200000,0x00000000d7200000,0x00000000d7400000)
  to   space 2560K, 0% used [0x00000000d6f80000,0x00000000d6f80000,0x00000000d7200000)
 ParOldGen       total 11776K, used 9864K [0x0000000082c00000, 0x0000000083780000, 0x00000000d6400000)
  object space 11776K, 83% used [0x0000000082c00000,0x00000000835a2050,0x0000000083780000)
 Metaspace       used 7536K, capacity 8404K, committed 8704K, reserved 1056768K
  class space    used 872K, capacity 912K, committed 1024K, reserved 1048576K
GC Heap History (10 events):
Event: 0.968 GC heap before
{Heap before GC invocations=6 (full 0):
 PSYoungGen      total 6656K, used 5474K [0x00000000d6400000, 0x00000000d7400000, 0x0000000100000000)
  eden space 6144K, 80% used [0x00000000d6400000,0x00000000d68d8aa8,0x00000000d6a00000)
  from space 512K, 100% used [0x00000000d6a00000,0x00000000d6a80000,0x00000000d6a80000)
  to   space 2048K, 0% used [0x00000000d7200000,0x00000000d7200000,0x00000000d7400000)
 ParOldGen       total 5632K, used 2543K [0x0000000082c00000, 0x0000000083180000, 0x00000000d6400000)
  object space 5632K, 45% used [0x0000000082c00000,0x0000000082e7bf98,0x0000000083180000)
 Metaspace       used 7283K, capacity 8180K, committed 8320K, reserved 1056768K
  class space    used 859K, capacity 880K, committed 896K, reserved 1048576K
Event: 0.971 GC heap after
Heap after GC invocations=6 (full 0):
 PSYoungGen      total 13824K, used 2039K [0x00000000d6400000, 0x00000000d7500000, 0x0000000100000000)
  eden space 11776K, 0% used [0x00000000d6400000,0x00000000d6400000,0x00000000d6f80000)
  from space 2048K, 99% used [0x00000000d7200000,0x00000000d73fdc58,0x00000000d7400000)
  to   space 2560K, 0% used [0x00000000d6f80000,0x00000000d6f80000,0x00000000d7200000)
 ParOldGen       total 5632K, used 2711K [0x0000000082c00000, 0x0000000083180000, 0x00000000d6400000)
  object space 5632K, 48% used [0x0000000082c00000,0x0000000082ea5f98,0x0000000083180000)
 Metaspace       used 7283K, capacity 8180K, committed 8320K, reserved 1056768K
  class space    used 859K, capacity 880K, committed 896K, reserved 1048576K
}
Event: 1.055 GC heap before
{Heap before GC invocations=7 (full 0):
 PSYoungGen      total 13824K, used 10533K [0x00000000d6400000, 0x00000000d7500000, 0x0000000100000000)
  eden space 11776K, 72% used [0x00000000d6400000,0x00000000d6c4b948,0x00000000d6f80000)
  from space 2048K, 99% used [0x00000000d7200000,0x00000000d73fdc58,0x00000000d7400000)
  to   space 2560K, 0% used [0x00000000d6f80000,0x00000000d6f80000,0x00000000d7200000)
 ParOldGen       total 5632K, used 2711K [0x0000000082c00000, 0x0000000083180000, 0x00000000d6400000)
  object space 5632K, 48% used [0x0000000082c00000,0x0000000082ea5f98,0x0000000083180000)
 Metaspace       used 7289K, capacity 8180K, committed 8320K, reserved 1056768K
  class space    used 859K, capacity 880K, committed 896K, reserved 1048576K
Event: 1.065 GC heap after
Heap after GC invocations=7 (full 0):
 PSYoungGen      total 14336K, used 2551K [0x00000000d6400000, 0x00000000d7500000, 0x0000000100000000)
  eden space 11776K, 0% used [0x00000000d6400000,0x00000000d6400000,0x00000000d6f80000)
  from space 2560K, 99% used [0x00000000d6f80000,0x00000000d71fdc38,0x00000000d7200000)
  to   space 2048K, 0% used [0x00000000d7200000,0x00000000d7200000,0x00000000d7400000)
 ParOldGen       total 6656K, used 6062K [0x0000000082c00000, 0x0000000083280000, 0x00000000d6400000)
  object space 6656K, 91% used [0x0000000082c00000,0x00000000831eb818,0x0000000083280000)
 Metaspace       used 7289K, capacity 8180K, committed 8320K, reserved 1056768K
  class space    used 859K, capacity 880K, committed 896K, reserved 1048576K
}
Event: 1.066 GC heap before
{Heap before GC invocations=8 (full 1):
 PSYoungGen      total 14336K, used 2551K [0x00000000d6400000, 0x00000000d7500000, 0x0000000100000000)
  eden space 11776K, 0% used [0x00000000d6400000,0x00000000d6400000,0x00000000d6f80000)
  from space 2560K, 99% used [0x00000000d6f80000,0x00000000d71fdc38,0x00000000d7200000)
  to   space 2048K, 0% used [0x00000000d7200000,0x00000000d7200000,0x00000000d7400000)
 ParOldGen       total 6656K, used 6062K [0x0000000082c00000, 0x0000000083280000, 0x00000000d6400000)
  object space 6656K, 91% used [0x0000000082c00000,0x00000000831eb818,0x0000000083280000)
 Metaspace       used 7289K, capacity 8180K, committed 8320K, reserved 1056768K
  class space    used 859K, capacity 880K, committed 896K, reserved 1048576K
Event: 1.103 GC heap after
Heap after GC invocations=8 (full 1):
 PSYoungGen      total 14336K, used 2535K [0x00000000d6400000, 0x00000000d7500000, 0x0000000100000000)
  eden space 11776K, 0% used [0x00000000d6400000,0x00000000d6400000,0x00000000d6f80000)
  from space 2560K, 99% used [0x00000000d6f80000,0x00000000d71f9c88,0x00000000d7200000)
  to   space 2048K, 0% used [0x00000000d7200000,0x00000000d7200000,0x00000000d7400000)
 ParOldGen       total 10752K, used 5434K [0x0000000082c00000, 0x0000000083680000, 0x00000000d6400000)
  object space 10752K, 50% used [0x0000000082c00000,0x000000008314e930,0x0000000083680000)
 Metaspace       used 7289K, capacity 8180K, committed 8320K, reserved 1056768K
  class space    used 859K, capacity 880K, committed 896K, reserved 1048576K
}
Event: 1.359 GC heap before
{Heap before GC invocations=9 (full 1):
 PSYoungGen      total 14336K, used 14311K [0x00000000d6400000, 0x00000000d7500000, 0x0000000100000000)
  eden space 11776K, 100% used [0x00000000d6400000,0x00000000d6f80000,0x00000000d6f80000)
  from space 2560K, 99% used [0x00000000d6f80000,0x00000000d71f9c88,0x00000000d7200000)
  to   space 2048K, 0% used [0x00000000d7200000,0x00000000d7200000,0x00000000d7400000)
 ParOldGen       total 10752K, used 5434K [0x0000000082c00000, 0x0000000083680000, 0x00000000d6400000)
  object space 10752K, 50% used [0x0000000082c00000,0x000000008314e930,0x0000000083680000)
 Metaspace       used 7466K, capacity 8308K, committed 8576K, reserved 1056768K
  class space    used 867K, capacity 880K, committed 896K, reserved 1048576K
Event: 1.370 GC heap after
Heap after GC invocations=9 (full 1):
 PSYoungGen      total 13824K, used 2041K [0x00000000d6400000, 0x00000000d7500000, 0x0000000100000000)
  eden space 11776K, 0% used [0x00000000d6400000,0x00000000d6400000,0x00000000d6f80000)
  from space 2048K, 99% used [0x00000000d7200000,0x00000000d73fe518,0x00000000d7400000)
  to   space 2560K, 0% used [0x00000000d6f80000,0x00000000d6f80000,0x00000000d7200000)
 ParOldGen       total 11776K, used 11211K [0x0000000082c00000, 0x0000000083780000, 0x00000000d6400000)
  object space 11776K, 95% used [0x0000000082c00000,0x00000000836f2d50,0x0000000083780000)
 Metaspace       used 7466K, capacity 8308K, committed 8576K, reserved 1056768K
  class space    used 867K, capacity 880K, committed 896K, reserved 1048576K
}
Event: 1.370 GC heap before
{Heap before GC invocations=10 (full 2):
 PSYoungGen      total 13824K, used 2041K [0x00000000d6400000, 0x00000000d7500000, 0x0000000100000000)
  eden space 11776K, 0% used [0x00000000d6400000,0x00000000d6400000,0x00000000d6f80000)
  from space 2048K, 99% used [0x00000000d7200000,0x00000000d73fe518,0x00000000d7400000)
  to   space 2560K, 0% used [0x00000000d6f80000,0x00000000d6f80000,0x00000000d7200000)
 ParOldGen       total 11776K, used 11211K [0x0000000082c00000, 0x0000000083780000, 0x00000000d6400000)
  object space 11776K, 95% used [0x0000000082c00000,0x00000000836f2d50,0x0000000083780000)
 Metaspace       used 7466K, capacity 8308K, committed 8576K, reserved 1056768K
  class space    used 867K, capacity 880K, committed 896K, reserved 1048576K
Event: 1.398 GC heap after
Heap after GC invocations=10 (full 2):
 PSYoungGen      total 13824K, used 0K [0x00000000d6400000, 0x00000000d7500000, 0x0000000100000000)
  eden space 11776K, 0% used [0x00000000d6400000,0x00000000d6400000,0x00000000d6f80000)
  from space 2048K, 0% used [0x00000000d7200000,0x00000000d7200000,0x00000000d7400000)
  to   space 2560K, 0% used [0x00000000d6f80000,0x00000000d6f80000,0x00000000d7200000)
 ParOldGen       total 11776K, used 9864K [0x0000000082c00000, 0x0000000083780000, 0x00000000d6400000)
  object space 11776K, 83% used [0x0000000082c00000,0x00000000835a2050,0x0000000083780000)
 Metaspace       used 7466K, capacity 8308K, committed 8576K, reserved 1056768K
  class space    used 867K, capacity 880K, committed 896K, reserved 1048576K
}

