# JRE version: OpenJDK Runtime Environment (8.0) (build 1.8.0-25-microsoft-b00)
# Java VM: OpenJDK 64-Bit Server VM (25.71-b00 mixed mode windows-amd64 compressed oops)
Heap:
 PSYoungGen      total 136192K, used 24098K [0x00000000eab00000, 0x00000000f3500000, 0x0000000100000000)
  eden space 131072K, 14% used [0x00000000eab00000,0x00000000ebd8c040,0x00000000f2b00000)
  from space 5120K, 99% used [0x00000000f3000000,0x00000000f34fc908,0x00000000f3500000)
  to   space 5120K, 0% used [0x00000000f2b00000,0x00000000f2b00000,0x00000000f3000000)
 ParOldGen       total 86016K, used 49711K [0x00000000c0000000, 0x00000000c5400000, 0x00000000eab00000)
  object space 86016K, 57% used [0x00000000c0000000,0x00000000c308bfb8,0x00000000c5400000)
 Metaspace       used 14767K, capacity 15442K, committed 15488K, reserved 1062912K
  class space    used 1750K, capacity 1909K, committed 1920K, reserved 1048576K
GC Heap History (10 events):
Event: 1.293 GC heap before
{Heap before GC invocations=2 (full 0):
 PSYoungGen      total 37888K, used 37872K [0x00000000eab00000, 0x00000000ef500000, 0x0000000100000000)
  eden space 32768K, 100% used [0x00000000eab00000,0x00000000ecb00000,0x00000000ecb00000)
  from space 5120K, 99% used [0x00000000ecb00000,0x00000000ecffc250,0x00000000ed000000)
  to   space 5120K, 0% used [0x00000000ef000000,0x00000000ef000000,0x00000000ef500000)
 ParOldGen       total 86016K, used 1300K [0x00000000c0000000, 0x00000000c5400000, 0x00000000eab00000)
  object space 86016K, 1% used [0x00000000c0000000,0x00000000c0145028,0x00000000c5400000)
 Metaspace       used 7592K, capacity 7804K, committed 7936K, reserved 1056768K
  class space    used 847K, capacity 914K, committed 1024K, reserved 1048576K
Event: 1.326 GC heap after
Heap after GC invocations=2 (full 0):
 PSYoungGen      total 70656K, used 5101K [0x00000000eab00000, 0x00000000ef500000, 0x0000000100000000)
  eden space 65536K, 0% used [0x00000000eab00000,0x00000000eab00000,0x00000000eeb00000)
  from space 5120K, 99% used [0x00000000ef000000,0x00000000ef4fb490,0x00000000ef500000)
  to   space 5120K, 0% used [0x00000000eeb00000,0x00000000eeb00000,0x00000000ef000000)
 ParOldGen       total 86016K, used 13602K [0x00000000c0000000, 0x00000000c5400000, 0x00000000eab00000)
  object space 86016K, 15% used [0x00000000c0000000,0x00000000c0d48b80,0x00000000c5400000)
 Metaspace       used 7592K, capacity 7804K, committed 7936K, reserved 1056768K
  class space    used 847K, capacity 914K, committed 1024K, reserved 1048576K
}
Event: 2.200 GC heap before
{Heap before GC invocations=3 (full 0):
 PSYoungGen      total 70656K, used 70637K [0x00000000eab00000, 0x00000000ef500000, 0x0000000100000000)
  eden space 65536K, 100% used [0x00000000eab00000,0x00000000eeb00000,0x00000000eeb00000)
  from space 5120K, 99% used [0x00000000ef000000,0x00000000ef4fb490,0x00000000ef500000)
  to   space 5120K, 0% used [0x00000000eeb00000,0x00000000eeb00000,0x00000000ef000000)
 ParOldGen       total 86016K, used 13602K [0x00000000c0000000, 0x00000000c5400000, 0x00000000eab00000)
  object space 86016K, 15% used [0x00000000c0000000,0x00000000c0d48b80,0x00000000c5400000)
 Metaspace       used 8642K, capacity 8962K, committed 9088K, reserved 1056768K
  class space    used 951K, capacity 1071K, committed 1152K, reserved 1048576K
Event: 2.240 GC heap after
Heap after GC invocations=3 (full 0):
 PSYoungGen      total 70656K, used 5117K [0x00000000eab00000, 0x00000000f3500000, 0x0000000100000000)
  eden space 65536K, 0% used [0x00000000eab00000,0x00000000eab00000,0x00000000eeb00000)
  from space 5120K, 99% used [0x00000000eeb00000,0x00000000eefff4a8,0x00000000ef000000)
  to   space 5120K, 0% used [0x00000000f3000000,0x00000000f3000000,0x00000000f3500000)
 ParOldGen       total 86016K, used 30958K [0x00000000c0000000, 0x00000000c5400000, 0x00000000eab00000)
  object space 86016K, 35% used [0x00000000c0000000,0x00000000c1e3bb18,0x00000000c5400000)
 Metaspace       used 8642K, capacity 8962K, committed 9088K, reserved 1056768K
  class space    used 951K, capacity 1071K, committed 1152K, reserved 1048576K
}
Event: 4.379 GC heap before
{Heap before GC invocations=4 (full 0):
 PSYoungGen      total 70656K, used 70653K [0x00000000eab00000, 0x00000000f3500000, 0x0000000100000000)
  eden space 65536K, 100% used [0x00000000eab00000,0x00000000eeb00000,0x00000000eeb00000)
  from space 5120K, 99% used [0x00000000eeb00000,0x00000000eefff4a8,0x00000000ef000000)
  to   space 5120K, 0% used [0x00000000f3000000,0x00000000f3000000,0x00000000f3500000)
 ParOldGen       total 86016K, used 30958K [0x00000000c0000000, 0x00000000c5400000, 0x00000000eab00000)
  object space 86016K, 35% used [0x00000000c0000000,0x00000000c1e3bb18,0x00000000c5400000)
 Metaspace       used 13515K, capacity 14124K, committed 14208K, reserved 1060864K
  class space    used 1705K, capacity 1860K, committed 1920K, reserved 1048576K
Event: 4.455 GC heap after
Heap after GC invocations=4 (full 0):
 PSYoungGen      total 136192K, used 5115K [0x00000000eab00000, 0x00000000f3500000, 0x0000000100000000)
  eden space 131072K, 0% used [0x00000000eab00000,0x00000000eab00000,0x00000000f2b00000)
  from space 5120K, 99% used [0x00000000f3000000,0x00000000f34fee78,0x00000000f3500000)
  to   space 5120K, 0% used [0x00000000f2b00000,0x00000000f2b00000,0x00000000f3000000)
 ParOldGen       total 86016K, used 42363K [0x00000000c0000000, 0x00000000c5400000, 0x00000000eab00000)
  object space 86016K, 49% used [0x00000000c0000000,0x00000000c295ece8,0x00000000c5400000)
 Metaspace       used 13515K, capacity 14124K, committed 14208K, reserved 1060864K
  class space    used 1705K, capacity 1860K, committed 1920K, reserved 1048576K
}
Event: 6.941 GC heap before
{Heap before GC invocations=5 (full 0):
 PSYoungGen      total 136192K, used 136187K [0x00000000eab00000, 0x00000000f3500000, 0x0000000100000000)
  eden space 131072K, 100% used [0x00000000eab00000,0x00000000f2b00000,0x00000000f2b00000)
  from space 5120K, 99% used [0x00000000f3000000,0x00000000f34fee78,0x00000000f3500000)
  to   space 5120K, 0% used [0x00000000f2b00000,0x00000000f2b00000,0x00000000f3000000)
 ParOldGen       total 86016K, used 42363K [0x00000000c0000000, 0x00000000c5400000, 0x00000000eab00000)
  object space 86016K, 49% used [0x00000000c0000000,0x00000000c295ece8,0x00000000c5400000)
 Metaspace       used 14642K, capacity 15278K, committed 15488K, reserved 1062912K
  class space    used 1744K, capacity 1903K, committed 1920K, reserved 1048576K
Event: 6.982 GC heap after
Heap after GC invocations=5 (full 0):
 PSYoungGen      total 136192K, used 5116K [0x00000000eab00000, 0x00000000f3500000, 0x0000000100000000)
  eden space 131072K, 0% used [0x00000000eab00000,0x00000000eab00000,0x00000000f2b00000)
  from space 5120K, 99% used [0x00000000f2b00000,0x00000000f2fff110,0x00000000f3000000)
  to   space 5120K, 0% used [0x00000000f3000000,0x00000000f3000000,0x00000000f3500000)
 ParOldGen       total 86016K, used 45941K [0x00000000c0000000, 0x00000000c5400000, 0x00000000eab00000)
  object space 86016K, 53% used [0x00000000c0000000,0x00000000c2cdd610,0x00000000c5400000)
 Metaspace       used 14642K, capacity 15278K, committed 15488K, reserved 1062912K
  class space    used 1744K, capacity 1903K, committed 1920K, reserved 1048576K
}
Event: 10.879 GC heap before
{Heap before GC invocations=6 (full 0):
 PSYoungGen      total 136192K, used 136188K [0x00000000eab00000, 0x00000000f3500000, 0x0000000100000000)
  eden space 131072K, 100% used [0x00000000eab00000,0x00000000f2b00000,0x00000000f2b00000)
  from space 5120K, 99% used [0x00000000f2b00000,0x00000000f2fff110,0x00000000f3000000)
  to   space 5120K, 0% used [0x00000000f3000000,0x00000000f3000000,0x00000000f3500000)
 ParOldGen       total 86016K, used 45941K [0x00000000c0000000, 0x00000000c5400000, 0x00000000eab00000)
  object space 86016K, 53% used [0x00000000c0000000,0x00000000c2cdd610,0x00000000c5400000)
 Metaspace       used 14757K, capacity 15442K, committed 15488K, reserved 1062912K
  class space    used 1748K, capacity 1909K, committed 1920K, reserved 1048576K
Event: 10.991 GC heap after
Heap after GC invocations=6 (full 0):
 PSYoungGen      total 136192K, used 5106K [0x00000000eab00000, 0x00000000f3500000, 0x0000000100000000)
  eden space 131072K, 0% used [0x00000000eab00000,0x00000000eab00000,0x00000000f2b00000)
  from space 5120K, 99% used [0x00000000f3000000,0x00000000f34fc908,0x00000000f3500000)
  to   space 5120K, 0% used [0x00000000f2b00000,0x00000000f2b00000,0x00000000f3000000)
 ParOldGen       total 86016K, used 49711K [0x00000000c0000000, 0x00000000c5400000, 0x00000000eab00000)
  object space 86016K, 57% used [0x00000000c0000000,0x00000000c308bfb8,0x00000000c5400000)
 Metaspace       used 14757K, capacity 15442K, committed 15488K, reserved 1062912K
  class space    used 1748K, capacity 1909K, committed 1920K, reserved 1048576K
}

